#
# There is insufficient memory for the Java Runtime Environment to continue.
# Native memory allocation (malloc) failed to allocate 1048576 bytes for AllocateHeap
# Possible reasons:
#   The system is out of physical RAM or swap space
#   In 32 bit mode, the process size limit was hit
# Possible solutions:
#   Reduce memory load on the system
#   Increase physical memory or swap space
#   Check if swap backing store is full
#   Use 64 bit Java on a 64 bit OS
#   Decrease Java heap size (-Xmx/-Xms)
#   Decrease number of Java threads
#   Decrease Java thread stack sizes (-Xss)
#   Set larger code cache with -XX:ReservedCodeCacheSize=
# This output file may be truncated or incomplete.
#
#  Out of Memory Error (memory/allocation.inline.hpp:61), pid=6680, tid=0x0000000000002244
#
# JRE version:  (8.0) (build )
# Java VM: OpenJDK 64-Bit Server VM (25.71-b00 mixed mode windows-amd64 compressed oops)
# Failed to write core dump. Minidumps are not enabled by default on client versions of Windows
#

---------------  T H R E A D  ---------------

Current thread (0x00000000030b3000):  JavaThread "Unknown thread" [_thread_in_vm, id=8772, stack(0x0000000002f10000,0x0000000003010000)]

Stack: [0x0000000002f10000,0x0000000003010000]
[error occurred during error reporting (printing stack bounds), id 0xc0000005]

Native frames: (J=compiled Java code, j=interpreted, Vv=VM code, C=native code)


---------------  P R O C E S S  ---------------

Java Threads: ( => current thread )

Other Threads:

=>0x00000000030b3000 (exited) JavaThread "Unknown thread" [_thread_in_vm, id=8772, stack(0x0000000002f10000,0x0000000003010000)]

VM state:not at safepoint (normal execution)

VM Mutex/Monitor currently owned by a thread: None

Heap:
 PSYoungGen      total 74240K, used 1280K [0x000000076d800000, 0x0000000772a80000, 0x00000007c0000000)
  eden space 64000K, 2% used [0x000000076d800000,0x000000076d940010,0x0000000771680000)
  from space 10240K, 0% used [0x0000000772080000,0x0000000772080000,0x0000000772a80000)
  to   space 10240K, 0% used [0x0000000771680000,0x0000000771680000,0x0000000772080000)
 ParOldGen       total 169472K, used 0K [0x00000006c8800000, 0x00000006d2d80000, 0x000000076d800000)
  object space 169472K, 0% used [0x00000006c8800000,0x00000006c8800000,0x00000006d2d80000)
 Metaspace       used 777K, capacity 4480K, committed 4480K, reserved 1056768K
  class space    used 74K, capacity 384K, committed 384K, reserved 1048576K

Card table byte_map: [0x0000000012570000,0x0000000012d30000] byte_map_base: 0x000000000ef2c000

Marking Bits: (ParMarkBitMap*) 0x0000000074b5be50
 Begin Bits: [0x0000000013460000, 0x0000000017240000)
 End Bits:   [0x0000000017240000, 0x000000001b020000)

Polling page: 0x0000000001200000

CodeCache: size=245760Kb used=327Kb max_used=327Kb free=245432Kb
 bounds [0x00000000031b0000, 0x0000000003420000, 0x00000000121b0000]
 total_blobs=56 nmethods=0 adapters=38
 compilation: enabled

Compilation events (0 events):
No events

GC Heap History (0 events):
No events

Deoptimization events (0 events):
No events

Classes redefined (0 events):
No events

Internal exceptions (0 events):
No events

Events (10 events):
Event: 0.162 loading class java/lang/Short
Event: 0.163 loading class java/lang/Short done
Event: 0.166 loading class java/lang/Integer
Event: 0.167 loading class java/lang/Integer done
Event: 0.167 loading class java/lang/Long
Event: 0.168 loading class java/lang/Long done
Event: 0.170 loading class java/lang/NullPointerException
Event: 0.170 loading class java/lang/NullPointerException done
Event: 0.170 loading class java/lang/ArithmeticException
Event: 0.170 loading class java/lang/ArithmeticException done


Dynamic libraries:
0x00007ff73a450000 - 0x00007ff73a485000 	C:\Program Files\Unity\Hub\Editor\2021.3.15f1\Editor\Data\PlaybackEngines\AndroidPlayer\OpenJDK\bin\java.exe
0x00007fff17210000 - 0x00007fff17408000 	C:\WINDOWS\SYSTEM32\ntdll.dll
0x00007fff15990000 - 0x00007fff15a4f000 	C:\WINDOWS\System32\KERNEL32.DLL
0x00007fff14c30000 - 0x00007fff14f26000 	C:\WINDOWS\System32\KERNELBASE.dll
0x00007fff16d30000 - 0x00007fff16ddf000 	C:\WINDOWS\System32\ADVAPI32.dll
0x00007fff15270000 - 0x00007fff1530e000 	C:\WINDOWS\System32\msvcrt.dll
0x00007fff16ea0000 - 0x00007fff16f3c000 	C:\WINDOWS\System32\sechost.dll
0x00007fff16840000 - 0x00007fff16966000 	C:\WINDOWS\System32\RPCRT4.dll
0x00007fff16f40000 - 0x00007fff170dd000 	C:\WINDOWS\System32\USER32.dll
0x00007fff14b60000 - 0x00007fff14b82000 	C:\WINDOWS\System32\win32u.dll
0x00007fff16330000 - 0x00007fff1635c000 	C:\WINDOWS\System32\GDI32.dll
0x00007fff148f0000 - 0x00007fff14a05000 	C:\WINDOWS\System32\gdi32full.dll
0x00007fff14b90000 - 0x00007fff14c2d000 	C:\WINDOWS\System32\msvcp_win.dll
0x00007fff15120000 - 0x00007fff15220000 	C:\WINDOWS\System32\ucrtbase.dll
0x00007fff03250000 - 0x00007fff034ea000 	C:\WINDOWS\WinSxS\amd64_microsoft.windows.common-controls_6595b64144ccf1df_6.0.19041.1110_none_60b5254171f9507e\COMCTL32.dll
0x00007fff16300000 - 0x00007fff16330000 	C:\WINDOWS\System32\IMM32.DLL
0x0000000076530000 - 0x0000000076602000 	C:\Program Files\Unity\Hub\Editor\2021.3.15f1\Editor\Data\PlaybackEngines\AndroidPlayer\OpenJDK\jre\bin\msvcr100.dll
0x0000000074390000 - 0x0000000074bd9000 	C:\Program Files\Unity\Hub\Editor\2021.3.15f1\Editor\Data\PlaybackEngines\AndroidPlayer\OpenJDK\jre\bin\server\jvm.dll
0x00007fff16970000 - 0x00007fff16978000 	C:\WINDOWS\System32\PSAPI.DLL
0x00007fff103b0000 - 0x00007fff103b9000 	C:\WINDOWS\SYSTEM32\WSOCK32.dll
0x00007fff17160000 - 0x00007fff171cb000 	C:\WINDOWS\System32\WS2_32.dll
0x00007fff0c8e0000 - 0x00007fff0c907000 	C:\WINDOWS\SYSTEM32\WINMM.dll
0x00007fff0c910000 - 0x00007fff0c91a000 	C:\WINDOWS\SYSTEM32\VERSION.dll
0x00007ffefddb0000 - 0x00007ffefddbf000 	C:\Program Files\Unity\Hub\Editor\2021.3.15f1\Editor\Data\PlaybackEngines\AndroidPlayer\OpenJDK\jre\bin\verify.dll
0x00007ffefdcf0000 - 0x00007ffefdd19000 	C:\Program Files\Unity\Hub\Editor\2021.3.15f1\Editor\Data\PlaybackEngines\AndroidPlayer\OpenJDK\jre\bin\java.dll
0x00007ffefdcb0000 - 0x00007ffefdcc6000 	C:\Program Files\Unity\Hub\Editor\2021.3.15f1\Editor\Data\PlaybackEngines\AndroidPlayer\OpenJDK\jre\bin\zip.dll

VM Arguments:
jvm_args: -Dfile.encoding=UTF-8 
java_command: <unknown>
java_class_path (initial): .
Launcher Type: SUN_STANDARD

Environment Variables:
JAVA_TOOL_OPTIONS=-Dfile.encoding=UTF-8
PATH=C:\Windows\system32;C:\Windows;C:\Windows\System32\Wbem;C:\Windows\System32\WindowsPowerShell\v1.0\;C:\Windows\System32\OpenSSH\;C:\Program Files\Microsoft SQL Server\150\Tools\Binn\;C:\Program Files\dotnet\;C:\WINDOWS\system32;C:\WINDOWS;C:\WINDOWS\System32\Wbem;C:\WINDOWS\System32\WindowsPowerShell\v1.0\;C:\WINDOWS\System32\OpenSSH\;C:\Program Files\Git\cmd;C:\Program Files (x86)\AMD\ATI.ACE\Core-Static;C:\Users\HP\AppData\Local\Microsoft\WindowsApps;C:\Users\HP\.dotnet\tools;C:\Users\HP\AppData\Local\Programs\Microsoft VS Code\bin;C:\Program Files\JetBrains\JetBrains Rider 2022.2.1\bin;C:\Users\HP\AppData\Local\GitHubDesktop\bin;C:\Users\HP\AppData\Local\JetBrains\Toolbox\scripts;
USERNAME=HP
OS=Windows_NT
PROCESSOR_IDENTIFIER=AMD64 Family 21 Model 112 Stepping 0, AuthenticAMD



---------------  S Y S T E M  ---------------

OS: Windows 10.0 , 64 bit Build 19041 (10.0.19041.2913)

CPU:total 2 (initial active 2) (2 cores per cpu, 1 threads per core) family 21 model 112 stepping 0, cmov, cx8, fxsr, mmx, sse, sse2, sse3, ssse3, sse4.1, sse4.2, popcnt, avx, avx2, aes, clmul, mmxext, 3dnowpref, lzcnt, sse4a, tsc, tscinvbit, tscinv, bmi1

Memory: 4k page, physical 16217784k(686224k free), swap 32134964k(6288k free)

vm_info: OpenJDK 64-Bit Server VM (25.71-b00) for windows-amd64 JRE (1.8.0-adoptopenjdk-_2018_05_19_00_59-b00), built on May 19 2018 01:02:12 by "jenkins" with MS VC++ 10.0 (VS2010)

time: Sat Jun 10 12:23:27 2023
elapsed time: 0 seconds (0d 0h 0m 0s)

